Signin error: MongoServerError: Database name todo-app-aslahJWT_SECRET=your-super-secret-jwt-key-here is too long.  Max database name length is 38 bytes.
    at Connection.sendCommand (C:\dev\100x\day10\backend\node_modules\mongodb\lib\cmap\connection.js:305:27)
    at process.processTicksAndRejections (node:internal/process/task_queues:105:5)
    at async Connection.command (C:\dev\100x\day10\backend\node_modules\mongodb\lib\cmap\connection.js:333:26)
    at async Server.command (C:\dev\100x\day10\backend\node_modules\mongodb\lib\sdam\server.js:171:29)
    at async FindOperation.execute (C:\dev\100x\day10\backend\node_modules\mongodb\lib\operations\find.js:36:16)
    at async tryOperation (C:\dev\100x\day10\backend\node_modules\mongodb\lib\operations\execute_operation.js:207:20)
    at async executeOperation (C:\dev\100x\day10\backend\node_modules\mongodb\lib\operations\execute_operation.js:75:16)
    at async FindCursor._initialize (C:\dev\100x\day10\backend\node_modules\mongodb\lib\cursor\find_cursor.js:61:26)
    at async FindCursor.cursorInit (C:\dev\100x\day10\backend\node_modules\mongodb\lib\cursor\abstract_cursor.js:633:27)
    at async FindCursor.fetchBatch (C:\dev\100x\day10\backend\node_modules\mongodb\lib\cursor\abstract_cursor.js:667:13) {
  errorLabelSet: Set(0) {},
  errorResponse: {
    ok: 0,
    errmsg: 'Database name todo-app-aslahJWT_SECRET=your-super-secret-jwt-key-here is too long.  Max database name length is 38 bytes.',
    code: 8000,
    codeName: 'AtlasError'
  },
  ok: 0,
  code: 8000,
  codeName: 'AtlasError'
}
Signin error: MongoServerError: Database name todo-app-aslahJWT_SECRET=your-super-secret-jwt-key-here is too long.  Max database name length is 38 bytes.
    at Connection.sendCommand (C:\dev\100x\day10\backend\node_modules\mongodb\lib\cmap\connection.js:305:27)
    at process.processTicksAndRejections (node:internal/process/task_queues:105:5)
    at async Connection.command (C:\dev\100x\day10\backend\node_modules\mongodb\lib\cmap\connection.js:333:26)
    at async Server.command (C:\dev\100x\day10\backend\node_modules\mongodb\lib\sdam\server.js:171:29)
    at async FindOperation.execute (C:\dev\100x\day10\backend\node_modules\mongodb\lib\operations\find.js:36:16)
    at async tryOperation (C:\dev\100x\day10\backend\node_modules\mongodb\lib\operations\execute_operation.js:207:20)
    at async executeOperation (C:\dev\100x\day10\backend\node_modules\mongodb\lib\operations\execute_operation.js:75:16)
    at async FindCursor._initialize (C:\dev\100x\day10\backend\node_modules\mongodb\lib\cursor\find_cursor.js:61:26)
    at async FindCursor.cursorInit (C:\dev\100x\day10\backend\node_modules\mongodb\lib\cursor\abstract_cursor.js:633:27)
    at async FindCursor.fetchBatch (C:\dev\100x\day10\backend\node_modules\mongodb\lib\cursor\abstract_cursor.js:667:13) {
  errorLabelSet: Set(0) {},
  errorResponse: {
    ok: 0,
    errmsg: 'Database name todo-app-aslahJWT_SECRET=your-super-secret-jwt-key-here is too long.  Max database name length is 38 bytes.',
    code: 8000,
    codeName: 'AtlasError'
  },
  ok: 0,
  code: 8000,
  codeName: 'AtlasError'
}
Signin error: MongoServerError: Database name todo-app-aslahJWT_SECRET=your-super-secret-jwt-key-here is too long.  Max database name length is 38 bytes.
    at Connection.sendCommand (C:\dev\100x\day10\backend\node_modules\mongodb\lib\cmap\connection.js:305:27)
    at process.processTicksAndRejections (node:internal/process/task_queues:105:5)
    at async Connection.command (C:\dev\100x\day10\backend\node_modules\mongodb\lib\cmap\connection.js:333:26)
    at async Server.command (C:\dev\100x\day10\backend\node_modules\mongodb\lib\sdam\server.js:171:29)
    at async FindOperation.execute (C:\dev\100x\day10\backend\node_modules\mongodb\lib\operations\find.js:36:16)
    at async tryOperation (C:\dev\100x\day10\backend\node_modules\mongodb\lib\operations\execute_operation.js:207:20)
    at async executeOperation (C:\dev\100x\day10\backend\node_modules\mongodb\lib\operations\execute_operation.js:75:16)
    at async FindCursor._initialize (C:\dev\100x\day10\backend\node_modules\mongodb\lib\cursor\find_cursor.js:61:26)
    at async FindCursor.cursorInit (C:\dev\100x\day10\backend\node_modules\mongodb\lib\cursor\abstract_cursor.js:633:27)
    at async FindCursor.fetchBatch (C:\dev\100x\day10\backend\node_modules\mongodb\lib\cursor\abstract_cursor.js:667:13) {
  errorLabelSet: Set(0) {},
  errorResponse: {
    ok: 0,
    errmsg: 'Database name todo-app-aslahJWT_SECRET=your-super-secret-jwt-key-here is too long.  Max database name length is 38 bytes.',
    code: 8000,
    codeName: 'AtlasError'
  },
  ok: 0,
  code: 8000,
  codeName: 'AtlasError'
}
Signin error: MongoServerError: Database name todo-app-aslahJWT_SECRET=your-super-secret-jwt-key-here is too long.  Max database name length is 38 bytes.
    at Connection.sendCommand (C:\dev\100x\day10\backend\node_modules\mongodb\lib\cmap\connection.js:305:27)
    at process.processTicksAndRejections (node:internal/process/task_queues:105:5)
    at async Connection.command (C:\dev\100x\day10\backend\node_modules\mongodb\lib\cmap\connection.js:333:26)
    at async Server.command (C:\dev\100x\day10\backend\node_modules\mongodb\lib\sdam\server.js:171:29)
    at async FindOperation.execute (C:\dev\100x\day10\backend\node_modules\mongodb\lib\operations\find.js:36:16)
    at async tryOperation (C:\dev\100x\day10\backend\node_modules\mongodb\lib\operations\execute_operation.js:207:20)
    at async executeOperation (C:\dev\100x\day10\backend\node_modules\mongodb\lib\operations\execute_operation.js:75:16)
    at async FindCursor._initialize (C:\dev\100x\day10\backend\node_modules\mongodb\lib\cursor\find_cursor.js:61:26)
    at async FindCursor.cursorInit (C:\dev\100x\day10\backend\node_modules\mongodb\lib\cursor\abstract_cursor.js:633:27)
    at async FindCursor.fetchBatch (C:\dev\100x\day10\backend\node_modules\mongodb\lib\cursor\abstract_cursor.js:667:13) {
  errorLabelSet: Set(0) {},
  errorResponse: {
    ok: 0,
    errmsg: 'Database name todo-app-aslahJWT_SECRET=your-super-secret-jwt-key-here is too long.  Max database name length is 38 bytes.',
    code: 8000,
    codeName: 'AtlasError'
  },
  ok: 0,
  code: 8000,
  codeName: 'AtlasError'
}
Signup error: MongoServerError: Database name todo-app-aslahJWT_SECRET=your-super-secret-jwt-key-here is too long.  Max database name length is 38 bytes.
    at Connection.sendCommand (C:\dev\100x\day10\backend\node_modules\mongodb\lib\cmap\connection.js:305:27)
    at process.processTicksAndRejections (node:internal/process/task_queues:105:5)
    at async Connection.command (C:\dev\100x\day10\backend\node_modules\mongodb\lib\cmap\connection.js:333:26)
    at async Server.command (C:\dev\100x\day10\backend\node_modules\mongodb\lib\sdam\server.js:171:29)
    at async FindOperation.execute (C:\dev\100x\day10\backend\node_modules\mongodb\lib\operations\find.js:36:16)
    at async tryOperation (C:\dev\100x\day10\backend\node_modules\mongodb\lib\operations\execute_operation.js:207:20)
    at async executeOperation (C:\dev\100x\day10\backend\node_modules\mongodb\lib\operations\execute_operation.js:75:16)
    at async FindCursor._initialize (C:\dev\100x\day10\backend\node_modules\mongodb\lib\cursor\find_cursor.js:61:26)
    at async FindCursor.cursorInit (C:\dev\100x\day10\backend\node_modules\mongodb\lib\cursor\abstract_cursor.js:633:27)
    at async FindCursor.fetchBatch (C:\dev\100x\day10\backend\node_modules\mongodb\lib\cursor\abstract_cursor.js:667:13) {
  errorLabelSet: Set(0) {},
  errorResponse: {
    ok: 0,
    errmsg: 'Database name todo-app-aslahJWT_SECRET=your-super-secret-jwt-key-here is too long.  Max database name length is 38 bytes.',
    code: 8000,
    codeName: 'AtlasError'
  },
  ok: 0,
  code: 8000,
  codeName: 'AtlasError'
}
